<?xml version="1.0" encoding="UTF-8"?>
<!-- Generated by org.testng.reporters.JUnitXMLReporter -->
<testsuite hostname="RCBAN0045" name="Surefire test" tests="16" failures="0" timestamp="9 Sep 2018 05:14:01 GMT" time="372.491" errors="0">
  <testcase name="signInTest" time="5.503" classname="com.automationpractice.testcases.LoginPageTest"/>
  <testcase name="loginPageLogoTest" time="0.062" classname="com.automationpractice.testcases.LoginPageTest"/>
  <testcase name="verifyUserRegistrationTest" time="8.393" classname="com.automationpractice.testcases.UserRegistrationPageTest"/>
  <testcase name="verifyCreateAccountLinkTest" time="3.205" classname="com.automationpractice.testcases.LoginPageTest"/>
  <testcase name="verifyUserLabelTest" time="0.083" classname="com.automationpractice.testcases.MyAccountPageTest"/>
  <testcase name="verifyAccountLabelTest" time="0.073" classname="com.automationpractice.testcases.MyAccountPageTest"/>
  <testcase name="verifyBackToHomeLinkTest" time="2.12" classname="com.automationpractice.testcases.MyAccountPageTest"/>
  <testcase name="verifyOrderHistoryLinkTest" time="2.419" classname="com.automationpractice.testcases.MyAccountPageTest"/>
  <testcase name="verifyCreditSlipsLinkTest" time="0.925" classname="com.automationpractice.testcases.MyAccountPageTest"/>
  <testcase name="verifyMyAddressPageLinkTest" time="0.881" classname="com.automationpractice.testcases.MyAccountPageTest"/>
  <testcase name="verifyMyPersonalPageLinkTest" time="1.352" classname="com.automationpractice.testcases.MyAccountPageTest"/>
  <testcase name="verifyMyWishListPageLinkTest" time="1.36" classname="com.automationpractice.testcases.MyAccountPageTest"/>
  <testcase name="verifyMyPersonalPageTitleTest" time="0.01" classname="com.automationpractice.testcases.MyPersonalPageTest"/>
  <testcase name="verifyMyPersonalLabelTest" time="0.086" classname="com.automationpractice.testcases.MyPersonalPageTest"/>
  <testcase name="verifyBackToHomeLinkTest" time="2.637" classname="com.automationpractice.testcases.MyPersonalPageTest"/>
  <testcase name="verifyBackToAccountLinkTest" time="1.193" classname="com.automationpractice.testcases.MyPersonalPageTest"/>
</testsuite> <!-- Surefire test -->
