<?xml version="1.0" encoding="UTF-8"?>
<!-- Generated by org.testng.reporters.JUnitXMLReporter -->
<testsuite hostname="RCBAN0045" name="Default test" tests="3" failures="0" timestamp="12 Sep 2018 11:31:04 GMT" time="84.534" errors="0">
  <testcase name="verifyLoginPageContactUsLabelTest" time="1.641" classname="com.automationpractice.testcases.ContactUsPageTest"/>
  <testcase name="verifyContactUsSendMessageTest" time="31.623" classname="com.automationpractice.testcases.ContactUsPageTest"/>
  <testcase name="verifyContactUsSendMessageWithoutSignInTest" time="3.69" classname="com.automationpractice.testcases.ContactUsPageTest"/>
</testsuite> <!-- Default test -->
