<?xml version="1.0" encoding="UTF-8"?>
<testsuite xmlns:xsi="http://www.w3.org/2001/XMLSchema-instance" xsi:noNamespaceSchemaLocation="https://maven.apache.org/surefire/maven-surefire-plugin/xsd/surefire-test-report.xsd" name="TestSuite" time="397.227" tests="18" errors="0" skipped="2" failures="1">
  <properties>
[...]
</properties>
  <testcase name="signInTest" classname="com.automationpractice.testcases.LoginPageTest" time="4.206"/>
  <testcase name="loginPageLogoTest" classname="com.automationpractice.testcases.LoginPageTest" time="0.073"/>
  <testcase name="verifyCreateAccountLinkTest" classname="com.automationpractice.testcases.LoginPageTest" time="3.782"/>
  <testcase name="verifyUserLabelTest" classname="com.automationpractice.testcases.MyAccountPageTest" time="0.085"/>
  <testcase name="verifyAccountLabelTest" classname="com.automationpractice.testcases.MyAccountPageTest" time="0.081"/>
  <testcase name="verifyBackToHomeLinkTest" classname="com.automationpractice.testcases.MyAccountPageTest" time="2.982"/>
  <testcase name="verifyOrderHistoryLinkTest" classname="com.automationpractice.testcases.MyAccountPageTest" time="4.33"/>
  <testcase name="verifyCreditSlipsLinkTest" classname="com.automationpractice.testcases.MyAccountPageTest" time="1.358"/>
  <testcase name="verifyMyAddressPageLinkTest" classname="com.automationpractice.testcases.MyAccountPageTest" time="1.777"/>
  <testcase name="verifyMyPersonalPageLinkTest" classname="com.automationpractice.testcases.MyAccountPageTest" time="1.807"/>
  <testcase name="verifyMyWishListPageLinkTest" classname="com.automationpractice.testcases.MyAccountPageTest" time="1.917"/>
  <testcase name="verifyMyPersonalPageTitleTest" classname="com.automationpractice.testcases.MyPersonalPageTest" time="0.006"/>
  <testcase name="verifyMyPersonalLabelTest" classname="com.automationpractice.testcases.MyPersonalPageTest" time="0.099"/>
  <testcase name="verifyBackToHomeLinkTest" classname="com.automationpractice.testcases.MyPersonalPageTest" time="2.635"/>
  <testcase name="setUp" classname="com.automationpractice.testcases.MyPersonalPageTest" time="42.544">
    <failure message="Timeout loading page after 20000ms&#10;Build info: version: &apos;3.13.0&apos;, revision: &apos;2f0d292&apos;, time: &apos;2018-06-25T15:24:21.231Z&apos;&#10;System info: host: &apos;RCBAN0045&apos;, ip: &apos;192.168.218.1&apos;, os.name: &apos;Windows 10&apos;, os.arch: &apos;amd64&apos;, os.version: &apos;10.0&apos;, java.version: &apos;1.8.0_171&apos;&#10;Driver info: org.openqa.selenium.firefox.FirefoxDriver&#10;Capabilities {acceptInsecureCerts: true, browserName: firefox, browserVersion: 62.0, javascriptEnabled: true, moz:accessibilityChecks: false, moz:headless: false, moz:processID: 14444, moz:profile: C:\Users\Ganesh\AppData\Loc..., moz:useNonSpecCompliantPointerOrigin: false, moz:webdriverClick: true, pageLoadStrategy: normal, platform: XP, platformName: XP, platformVersion: 10.0, rotatable: false, timeouts: {implicit: 0, pageLoad: 300000, script: 30000}}&#10;Session ID: 24b48cf4-73c3-467c-9299-9981e309feb8" type="org.openqa.selenium.TimeoutException">org.openqa.selenium.TimeoutException: 
Timeout loading page after 20000ms
Build info: version: '3.13.0', revision: '2f0d292', time: '2018-06-25T15:24:21.231Z'
System info: host: 'RCBAN0045', ip: '192.168.218.1', os.name: 'Windows 10', os.arch: 'amd64', os.version: '10.0', java.version: '1.8.0_171'
Driver info: org.openqa.selenium.firefox.FirefoxDriver
Capabilities {acceptInsecureCerts: true, browserName: firefox, browserVersion: 62.0, javascriptEnabled: true, moz:accessibilityChecks: false, moz:headless: false, moz:processID: 14444, moz:profile: C:\Users\Ganesh\AppData\Loc..., moz:useNonSpecCompliantPointerOrigin: false, moz:webdriverClick: true, pageLoadStrategy: normal, platform: XP, platformName: XP, platformVersion: 10.0, rotatable: false, timeouts: {implicit: 0, pageLoad: 300000, script: 30000}}
Session ID: 24b48cf4-73c3-467c-9299-9981e309feb8
	at com.automationpractice.testcases.MyPersonalPageTest.setUp(MyPersonalPageTest.java:36)
</failure>
    <system-out><![CDATA[Before navigating to: 'http://automationpractice.com/index.php'
]]></system-out>
    <system-err><![CDATA[1536513842209	Marionette	INFO	Stopped listening on port 54754
[Child 2228, Chrome_ChildThread] WARNING: pipe error: 109: file z:/build/build/src/ipc/chromium/src/chrome/common/ipc_channel_win.cc, line 346
1536513842345	addons.productaddons	WARN	Failed downloading via XHR, status: 0, reason: error
[Parent 14976, Gecko_IOThread] WARNING: pipe error: 109: file z:/build/build/src/ipc/chromium/src/chrome/common/ipc_channel_win.cc, line 346
1536513842353	addons.productaddons	WARN	Failed downloading via XHR, status: 0, reason: error
[Child 14992, Chrome_ChildThread] WARNING: pipe error: 109: file z:/build/build/src/ipc/chromium/src/chrome/common/ipc_channel_win.cc, line 346
[Parent 14976, Gecko_IOThread] WARNING: pipe error: 109: file z:/build/build/src/ipc/chromium/src/chrome/common/ipc_channel_win.cc, line 346
[GPU 14652, Chrome_ChildThread] WARNING: pipe error: 109: file z:/build/build/src/ipc/chromium/src/chrome/common/ipc_channel_win.cc, line 346

###!!! [Child][MessageChannel::SendAndWait] Error: Channel error: cannot send/recv

1536513848820	geckodriver	INFO	geckodriver 0.21.0
1536513848835	geckodriver	INFO	Listening on 127.0.0.1:43298
1536513849426	mozrunner::runner	INFO	Running command: "C:\\Program Files (x86)\\Mozilla Firefox\\firefox.exe" "-marionette" "-foreground" "-no-remote" "-profile" "C:\\Users\\Ganesh\\AppData\\Local\\Temp\\rust_mozprofile.95irqeBbg3Ch"
1536513857690	Marionette	INFO	Listening on port 54792
1536513858147	Marionette	WARN	TLS certificate errors will be ignored for this session
1536513858215	Marionette	DEBUG	[6442450945] Frame script loaded
1536513858234	Marionette	DEBUG	[6442450945] Frame script registered
Sep 09, 2018 10:54:18 PM org.openqa.selenium.remote.ProtocolHandshake createSession
INFO: Detected dialect: W3C
1536513861849	Marionette	DEBUG	[6442450945] Received DOM event beforeunload for about:blank
1536513863497	Marionette	DEBUG	[6442450945] Received DOM event pagehide for about:blank
1536513864254	Marionette	DEBUG	[6442450945] Received DOM event DOMContentLoaded for http://automationpractice.com/index.php
]]></system-err>
  </testcase>
  <testcase name="verifyBackToAccountLinkTest" classname="com.automationpractice.testcases.MyPersonalPageTest" time="0">
    <skipped/>
  </testcase>
  <testcase name="tearDown" classname="com.automationpractice.testcases.MyPersonalPageTest" time="0">
    <skipped/>
  </testcase>
  <testcase name="verifyUserRegistrationTest" classname="com.automationpractice.testcases.UserRegistrationPageTest" time="15.18"/>
</testsuite>