<?xml version="1.0" encoding="UTF-8"?>
<testng-results skipped="0" failed="0" total="3" passed="3">
  <reporter-output>
  </reporter-output>
  <suite name="Default suite" duration-ms="84534" started-at="2018-09-12T11:29:40Z" finished-at="2018-09-12T11:31:04Z">
    <groups>
    </groups>
    <test name="Default test" duration-ms="84534" started-at="2018-09-12T11:29:40Z" finished-at="2018-09-12T11:31:04Z">
      <class name="com.automationpractice.testcases.ContactUsPageTest">
        <test-method status="PASS" signature="setExtent()[pri:0, instance:com.automationpractice.testcases.ContactUsPageTest@4667ae56]" name="setExtent" is-config="true" duration-ms="151" started-at="2018-09-12T16:59:40Z" finished-at="2018-09-12T16:59:40Z">
          <reporter-output>
          </reporter-output>
        </test-method> <!-- setExtent -->
        <test-method status="PASS" signature="setUp()[pri:0, instance:com.automationpractice.testcases.ContactUsPageTest@4667ae56]" name="setUp" is-config="true" duration-ms="12636" started-at="2018-09-12T16:59:40Z" finished-at="2018-09-12T16:59:53Z">
          <reporter-output>
          </reporter-output>
        </test-method> <!-- setUp -->
        <test-method status="PASS" signature="verifyLoginPageContactUsLabelTest()[pri:1, instance:com.automationpractice.testcases.ContactUsPageTest@4667ae56]" name="verifyLoginPageContactUsLabelTest" duration-ms="1641" started-at="2018-09-12T16:59:53Z" finished-at="2018-09-12T16:59:54Z">
          <reporter-output>
          </reporter-output>
        </test-method> <!-- verifyLoginPageContactUsLabelTest -->
        <test-method status="PASS" signature="tearDown(org.testng.ITestResult)[pri:0, instance:com.automationpractice.testcases.ContactUsPageTest@4667ae56]" name="tearDown" is-config="true" duration-ms="2245" started-at="2018-09-12T16:59:54Z" finished-at="2018-09-12T16:59:56Z">
          <params>
            <param index="0">
              <value>
                <![CDATA[[TestResult name=verifyLoginPageContactUsLabelTest status=SUCCESS method=ContactUsPageTest.verifyLoginPageContactUsLabelTest()[pri:1, instance:com.automationpractice.testcases.ContactUsPageTest@4667ae56] output={null}]]]>
              </value>
            </param>
          </params>
          <reporter-output>
          </reporter-output>
        </test-method> <!-- tearDown -->
        <test-method status="PASS" signature="setUp()[pri:0, instance:com.automationpractice.testcases.ContactUsPageTest@4667ae56]" name="setUp" is-config="true" duration-ms="12951" started-at="2018-09-12T16:59:56Z" finished-at="2018-09-12T17:00:09Z">
          <reporter-output>
          </reporter-output>
        </test-method> <!-- setUp -->
        <test-method status="PASS" signature="verifyContactUsSendMessageTest()[pri:2, instance:com.automationpractice.testcases.ContactUsPageTest@4667ae56]" name="verifyContactUsSendMessageTest" duration-ms="31623" started-at="2018-09-12T17:00:09Z" finished-at="2018-09-12T17:00:41Z">
          <reporter-output>
          </reporter-output>
        </test-method> <!-- verifyContactUsSendMessageTest -->
        <test-method status="PASS" signature="tearDown(org.testng.ITestResult)[pri:0, instance:com.automationpractice.testcases.ContactUsPageTest@4667ae56]" name="tearDown" is-config="true" duration-ms="2110" started-at="2018-09-12T17:00:41Z" finished-at="2018-09-12T17:00:43Z">
          <params>
            <param index="0">
              <value>
                <![CDATA[[TestResult name=verifyContactUsSendMessageTest status=SUCCESS method=ContactUsPageTest.verifyContactUsSendMessageTest()[pri:2, instance:com.automationpractice.testcases.ContactUsPageTest@4667ae56] output={null}]]]>
              </value>
            </param>
          </params>
          <reporter-output>
          </reporter-output>
        </test-method> <!-- tearDown -->
        <test-method status="PASS" signature="setUp()[pri:0, instance:com.automationpractice.testcases.ContactUsPageTest@4667ae56]" name="setUp" is-config="true" duration-ms="14486" started-at="2018-09-12T17:00:43Z" finished-at="2018-09-12T17:00:58Z">
          <reporter-output>
          </reporter-output>
        </test-method> <!-- setUp -->
        <test-method status="PASS" signature="verifyContactUsSendMessageWithoutSignInTest()[pri:3, instance:com.automationpractice.testcases.ContactUsPageTest@4667ae56]" name="verifyContactUsSendMessageWithoutSignInTest" duration-ms="3690" started-at="2018-09-12T17:00:58Z" finished-at="2018-09-12T17:01:01Z">
          <reporter-output>
          </reporter-output>
        </test-method> <!-- verifyContactUsSendMessageWithoutSignInTest -->
        <test-method status="PASS" signature="tearDown(org.testng.ITestResult)[pri:0, instance:com.automationpractice.testcases.ContactUsPageTest@4667ae56]" name="tearDown" is-config="true" duration-ms="2604" started-at="2018-09-12T17:01:01Z" finished-at="2018-09-12T17:01:04Z">
          <params>
            <param index="0">
              <value>
                <![CDATA[[TestResult name=verifyContactUsSendMessageWithoutSignInTest status=SUCCESS method=ContactUsPageTest.verifyContactUsSendMessageWithoutSignInTest()[pri:3, instance:com.automationpractice.testcases.ContactUsPageTest@4667ae56] output={null}]]]>
              </value>
            </param>
          </params>
          <reporter-output>
          </reporter-output>
        </test-method> <!-- tearDown -->
        <test-method status="PASS" signature="endReport()[pri:0, instance:com.automationpractice.testcases.ContactUsPageTest@4667ae56]" name="endReport" is-config="true" duration-ms="379" started-at="2018-09-12T17:01:04Z" finished-at="2018-09-12T17:01:04Z">
          <reporter-output>
          </reporter-output>
        </test-method> <!-- endReport -->
      </class> <!-- com.automationpractice.testcases.ContactUsPageTest -->
    </test> <!-- Default test -->
  </suite> <!-- Default suite -->
</testng-results>
